* installing *source* package ‘bigpca’ ...
** using staged installation
** R
** byte-compile and prepare package for lazy loading
Warning: replacing previous import ‘reader::rmv.ext’ by ‘NCmisc::rmv.ext’ when loading ‘bigpca’
Warning: replacing previous import ‘reader::get.ext’ by ‘NCmisc::get.ext’ when loading ‘bigpca’
Warning: replacing previous import ‘reader::cat.path’ by ‘NCmisc::cat.path’ when loading ‘bigpca’
Note: break used in wrong context: no loop is visible 
Note: break used in wrong context: no loop is visible 
** help
*** installing help indices
** building package indices
** testing if installed package can be loaded from temporary location
Warning: replacing previous import ‘reader::rmv.ext’ by ‘NCmisc::rmv.ext’ when loading ‘bigpca’
Warning: replacing previous import ‘reader::get.ext’ by ‘NCmisc::get.ext’ when loading ‘bigpca’
Warning: replacing previous import ‘reader::cat.path’ by ‘NCmisc::cat.path’ when loading ‘bigpca’
** testing if installed package can be loaded from final location
Warning: replacing previous import ‘reader::rmv.ext’ by ‘NCmisc::rmv.ext’ when loading ‘bigpca’
Warning: replacing previous import ‘reader::get.ext’ by ‘NCmisc::get.ext’ when loading ‘bigpca’
Warning: replacing previous import ‘reader::cat.path’ by ‘NCmisc::cat.path’ when loading ‘bigpca’
** testing if installed package keeps a record of temporary installation path
* DONE (bigpca)
